# JRE version: OpenJDK Runtime Environment Temurin-21.0.4+7 (21.0.4+7) (build 21.0.4+7-LTS)
# Java VM: OpenJDK 64-Bit Server VM Temurin-21.0.4+7 (21.0.4+7-LTS, mixed mode, sharing, tiered, compressed oops, compressed class ptrs, g1 gc, windows-amd64)
GC Precious Log:
 CardTable entry size: 512
 Card Set container configuration: InlinePtr #cards 4 size 8 Array Of Cards #cards 64 size 144 Howl #buckets 8 coarsen threshold 14745 Howl Bitmap #cards 2048 size 272 coarsen threshold 1843 Card regions per heap region 1 cards per card region 16384
 CPUs: 8 total, 8 available
 Memory: 63081M
 Large Page Support: Disabled
 NUMA Support: Disabled
 Compressed Oops: Enabled (Zero based)
 Heap Region Size: 8M
 Heap Min Capacity: 8M
 Heap Initial Capacity: 992M
 Heap Max Capacity: 15776M
 Pre-touch: Disabled
 Parallel Workers: 8
 Concurrent Workers: 2
 Concurrent Refinement Workers: 8
 Periodic GC: Disabled
Heap:
 garbage-first heap   total 360448K, used 119220K [0x0000000426000000, 0x0000000800000000)
  region size 8192K, 4 young (32768K), 0 survivors (0K)
 Metaspace       used 15791K, committed 16128K, reserved 1114112K
  class space    used 1337K, committed 1472K, reserved 1048576K
GC Heap History (20 events):
Event: 2946.243 GC heap before
{Heap before GC invocations=3207 (full 182):
 garbage-first heap   total 466944K, used 370969K [0x0000000426000000, 0x0000000800000000)
  region size 8192K, 34 young (278528K), 1 survivors (8192K)
 Metaspace       used 15749K, committed 16128K, reserved 1114112K
  class space    used 1330K, committed 1472K, reserved 1048576K
}
Event: 2946.243 GC heap after
{Heap after GC invocations=3208 (full 182):
 garbage-first heap   total 466944K, used 100646K [0x0000000426000000, 0x0000000800000000)
  region size 8192K, 1 young (8192K), 1 survivors (8192K)
 Metaspace       used 15749K, committed 16128K, reserved 1114112K
  class space    used 1330K, committed 1472K, reserved 1048576K
}
Event: 2946.337 GC heap before
{Heap before GC invocations=3208 (full 182):
 garbage-first heap   total 466944K, used 370982K [0x0000000426000000, 0x0000000800000000)
  region size 8192K, 34 young (278528K), 1 survivors (8192K)
 Metaspace       used 15749K, committed 16128K, reserved 1114112K
  class space    used 1330K, committed 1472K, reserved 1048576K
}
Event: 2946.337 GC heap after
{Heap after GC invocations=3209 (full 182):
 garbage-first heap   total 466944K, used 100650K [0x0000000426000000, 0x0000000800000000)
  region size 8192K, 1 young (8192K), 1 survivors (8192K)
 Metaspace       used 15749K, committed 16128K, reserved 1114112K
  class space    used 1330K, committed 1472K, reserved 1048576K
}
Event: 2946.428 GC heap before
{Heap before GC invocations=3209 (full 182):
 garbage-first heap   total 466944K, used 370986K [0x0000000426000000, 0x0000000800000000)
  region size 8192K, 34 young (278528K), 1 survivors (8192K)
 Metaspace       used 15749K, committed 16128K, reserved 1114112K
  class space    used 1330K, committed 1472K, reserved 1048576K
}
Event: 2946.428 GC heap after
{Heap after GC invocations=3210 (full 182):
 garbage-first heap   total 466944K, used 100647K [0x0000000426000000, 0x0000000800000000)
  region size 8192K, 1 young (8192K), 1 survivors (8192K)
 Metaspace       used 15749K, committed 16128K, reserved 1114112K
  class space    used 1330K, committed 1472K, reserved 1048576K
}
Event: 2946.519 GC heap before
{Heap before GC invocations=3210 (full 182):
 garbage-first heap   total 466944K, used 370983K [0x0000000426000000, 0x0000000800000000)
  region size 8192K, 34 young (278528K), 1 survivors (8192K)
 Metaspace       used 15749K, committed 16128K, reserved 1114112K
  class space    used 1330K, committed 1472K, reserved 1048576K
}
Event: 2946.519 GC heap after
{Heap after GC invocations=3211 (full 182):
 garbage-first heap   total 466944K, used 100642K [0x0000000426000000, 0x0000000800000000)
  region size 8192K, 1 young (8192K), 1 survivors (8192K)
 Metaspace       used 15749K, committed 16128K, reserved 1114112K
  class space    used 1330K, committed 1472K, reserved 1048576K
}
Event: 2946.613 GC heap before
{Heap before GC invocations=3211 (full 182):
 garbage-first heap   total 466944K, used 370978K [0x0000000426000000, 0x0000000800000000)
  region size 8192K, 34 young (278528K), 1 survivors (8192K)
 Metaspace       used 15749K, committed 16128K, reserved 1114112K
  class space    used 1330K, committed 1472K, reserved 1048576K
}
Event: 2946.613 GC heap after
{Heap after GC invocations=3212 (full 182):
 garbage-first heap   total 466944K, used 100636K [0x0000000426000000, 0x0000000800000000)
  region size 8192K, 1 young (8192K), 1 survivors (8192K)
 Metaspace       used 15749K, committed 16128K, reserved 1114112K
  class space    used 1330K, committed 1472K, reserved 1048576K
}
Event: 2946.637 GC heap before
{Heap before GC invocations=3212 (full 182):
 garbage-first heap   total 466944K, used 166172K [0x0000000426000000, 0x0000000800000000)
  region size 8192K, 10 young (81920K), 1 survivors (8192K)
 Metaspace       used 15749K, committed 16128K, reserved 1114112K
  class space    used 1330K, committed 1472K, reserved 1048576K
}
Event: 2946.643 GC heap after
{Heap after GC invocations=3213 (full 183):
 garbage-first heap   total 303104K, used 80930K [0x0000000426000000, 0x0000000800000000)
  region size 8192K, 0 young (0K), 0 survivors (0K)
 Metaspace       used 15749K, committed 16128K, reserved 1114112K
  class space    used 1330K, committed 1472K, reserved 1048576K
}
Event: 2946.659 GC heap before
{Heap before GC invocations=3213 (full 183):
 garbage-first heap   total 303104K, used 80930K [0x0000000426000000, 0x0000000800000000)
  region size 8192K, 1 young (8192K), 0 survivors (0K)
 Metaspace       used 15749K, committed 16128K, reserved 1114112K
  class space    used 1330K, committed 1472K, reserved 1048576K
}
Event: 2946.660 GC heap after
{Heap after GC invocations=3214 (full 183):
 garbage-first heap   total 303104K, used 88110K [0x0000000426000000, 0x0000000800000000)
  region size 8192K, 1 young (8192K), 1 survivors (8192K)
 Metaspace       used 15749K, committed 16128K, reserved 1114112K
  class space    used 1330K, committed 1472K, reserved 1048576K
}
Event: 2946.773 GC heap before
{Heap before GC invocations=3215 (full 183):
 garbage-first heap   total 303104K, used 292910K [0x0000000426000000, 0x0000000800000000)
  region size 8192K, 16 young (131072K), 1 survivors (8192K)
 Metaspace       used 15749K, committed 16128K, reserved 1114112K
  class space    used 1330K, committed 1472K, reserved 1048576K
}
Event: 2946.774 GC heap after
{Heap after GC invocations=3216 (full 183):
 garbage-first heap   total 335872K, used 189625K [0x0000000426000000, 0x0000000800000000)
  region size 8192K, 3 young (24576K), 3 survivors (24576K)
 Metaspace       used 15749K, committed 16128K, reserved 1114112K
  class space    used 1330K, committed 1472K, reserved 1048576K
}
Event: 2946.811 GC heap before
{Heap before GC invocations=3216 (full 183):
 garbage-first heap   total 335872K, used 296121K [0x0000000426000000, 0x0000000800000000)
  region size 8192K, 13 young (106496K), 3 survivors (24576K)
 Metaspace       used 15749K, committed 16128K, reserved 1114112K
  class space    used 1330K, committed 1472K, reserved 1048576K
}
Event: 2946.812 GC heap after
{Heap after GC invocations=3217 (full 183):
 garbage-first heap   total 360448K, used 184351K [0x0000000426000000, 0x0000000800000000)
  region size 8192K, 2 young (16384K), 2 survivors (16384K)
 Metaspace       used 15749K, committed 16128K, reserved 1114112K
  class space    used 1330K, committed 1472K, reserved 1048576K
}
Event: 2946.832 GC heap before
{Heap before GC invocations=3217 (full 183):
 garbage-first heap   total 360448K, used 192543K [0x0000000426000000, 0x0000000800000000)
  region size 8192K, 4 young (32768K), 2 survivors (16384K)
 Metaspace       used 15749K, committed 16128K, reserved 1114112K
  class space    used 1330K, committed 1472K, reserved 1048576K
}
Event: 2946.837 GC heap after
{Heap after GC invocations=3218 (full 184):
 garbage-first heap   total 360448K, used 94644K [0x0000000426000000, 0x0000000800000000)
  region size 8192K, 0 young (0K), 0 survivors (0K)
 Metaspace       used 15749K, committed 16128K, reserved 1114112K
  class space    used 1330K, committed 1472K, reserved 1048576K
}

